1614971555715432000 [Info] Connected to Postgres DB successfully
1614971555720433700 [Info] Server running on port5379
1614971658372775300 [Info] connecting to websocket
1614971658373775700 [Info] connection upgraded
1614971660374404300 [Info] Updating status: 2021-03-05 19:14:20.3744043 +0000 GMT m=+104.784979101
1614971662374122000 [Info] Updating status: 2021-03-05 19:14:22.374122 +0000 GMT m=+106.784696801
1614971664373883500 [Info] Updating status: 2021-03-05 19:14:24.3738835 +0000 GMT m=+108.784458401
1614971666374709400 [Info] Updating status: 2021-03-05 19:14:26.3747094 +0000 GMT m=+110.785284301
1614971668374732300 [Info] Updating status: 2021-03-05 19:14:28.3747323 +0000 GMT m=+112.785307101
1614971670374756600 [Info] Updating status: 2021-03-05 19:14:30.3747566 +0000 GMT m=+114.785331401
1614971672373786000 [Info] Updating status: 2021-03-05 19:14:32.373786 +0000 GMT m=+116.784360801
1614971674373931100 [Info] Updating status: 2021-03-05 19:14:34.3739311 +0000 GMT m=+118.784505901
1614971676373955400 [Info] Updating status: 2021-03-05 19:14:36.3739554 +0000 GMT m=+120.784530201
1614971678408154500 [Info] Updating status: 2021-03-05 19:14:38.4081545 +0000 GMT m=+122.818729301
1614971680374811600 [Info] Updating status: 2021-03-05 19:14:40.3748116 +0000 GMT m=+124.785386501
1614971682438094300 [Info] Updating status: 2021-03-05 19:14:42.4380943 +0000 GMT m=+126.848669201
1614971684374122900 [Info] Updating status: 2021-03-05 19:14:44.3741229 +0000 GMT m=+128.784697701
1614971686374046400 [Info] Updating status: 2021-03-05 19:14:46.3740464 +0000 GMT m=+130.784621201
1614971688374067400 [Info] Updating status: 2021-03-05 19:14:48.3740674 +0000 GMT m=+132.784642201
1614971690374091600 [Info] Updating status: 2021-03-05 19:14:50.3740916 +0000 GMT m=+134.784666501
1614971692374111700 [Info] Updating status: 2021-03-05 19:14:52.3741117 +0000 GMT m=+136.784686501
1614971694374132700 [Info] Updating status: 2021-03-05 19:14:54.3741327 +0000 GMT m=+138.784707501
1614971696374172400 [Info] Updating status: 2021-03-05 19:14:56.3741724 +0000 GMT m=+140.784747201
1614971698374176100 [Info] Updating status: 2021-03-05 19:14:58.3741761 +0000 GMT m=+142.784750901
1614971700374190100 [Info] Updating status: 2021-03-05 19:15:00.3741901 +0000 GMT m=+144.784764901
1614971702374679600 [Info] Updating status: 2021-03-05 19:15:02.3746796 +0000 GMT m=+146.785254401
1614971704373794400 [Info] Updating status: 2021-03-05 19:15:04.3737944 +0000 GMT m=+148.784369201
1614971706374908700 [Info] Updating status: 2021-03-05 19:15:06.3749087 +0000 GMT m=+150.785483501
1614971708375054700 [Info] Updating status: 2021-03-05 19:15:08.3750547 +0000 GMT m=+152.785629601
1614971710385889200 [Info] Updating status: 2021-03-05 19:15:10.3858892 +0000 GMT m=+154.796464001
1614971712260997100 [Info] connecting to websocket
1614971712262996600 [Info] connection upgraded
1614971712374012800 [Info] Updating status: 2021-03-05 19:15:12.3740128 +0000 GMT m=+156.784587601
1614971714302694900 [Info] Updating status: 2021-03-05 19:15:14.3026949 +0000 GMT m=+158.713269701
1614971714391698200 [Info] Updating status: 2021-03-05 19:15:14.3916982 +0000 GMT m=+158.802273001
1614971716264726400 [Info] Updating status: 2021-03-05 19:15:16.2647264 +0000 GMT m=+160.675301201
1614971718270596000 [Info] Updating status: 2021-03-05 19:15:18.270596 +0000 GMT m=+162.681170801
1614971720265677300 [Info] Updating status: 2021-03-05 19:15:20.2656773 +0000 GMT m=+164.676252201
1614971722454653300 [Info] Updating status: 2021-03-05 19:15:22.4546533 +0000 GMT m=+166.865228101
1614971724342936700 [Info] Updating status: 2021-03-05 19:15:24.3429367 +0000 GMT m=+168.753511601
1614971726264475800 [Info] Updating status: 2021-03-05 19:15:26.2644758 +0000 GMT m=+170.675050601
1614971728264420300 [Info] Updating status: 2021-03-05 19:15:28.2644203 +0000 GMT m=+172.674995101
1614971730265623700 [Info] Updating status: 2021-03-05 19:15:30.2656237 +0000 GMT m=+174.676198501
1614971730591653800 [Info] connecting to websocket
1614971730602652500 [Info] connection upgraded
1614971732265945200 [Info] Updating status: 2021-03-05 19:15:32.2659452 +0000 GMT m=+176.676520001
1614971732603002000 [Info] Updating status: 2021-03-05 19:15:32.603002 +0000 GMT m=+177.013576801
1614971734264011500 [Info] Updating status: 2021-03-05 19:15:34.2640115 +0000 GMT m=+178.674586301
1614971734603576900 [Info] Updating status: 2021-03-05 19:15:34.6035769 +0000 GMT m=+179.014151701
1614971736603337000 [Info] Updating status: 2021-03-05 19:15:36.603337 +0000 GMT m=+181.013911901
1614971738603312800 [Info] Updating status: 2021-03-05 19:15:38.6033128 +0000 GMT m=+183.013887601
1614971740603075200 [Info] Updating status: 2021-03-05 19:15:40.6030752 +0000 GMT m=+185.013650101
1614971742789946300 [Info] Updating status: 2021-03-05 19:15:42.7899463 +0000 GMT m=+187.200521101
1614971744603543700 [Info] Updating status: 2021-03-05 19:15:44.6035437 +0000 GMT m=+189.014118601
1614971746627616700 [Info] Updating status: 2021-03-05 19:15:46.6276167 +0000 GMT m=+191.038191601
1614971748645527000 [Info] Updating status: 2021-03-05 19:15:48.645527 +0000 GMT m=+193.056101901
1614971750603378500 [Info] Updating status: 2021-03-05 19:15:50.6033785 +0000 GMT m=+195.013953401
1614971752739091600 [Info] Updating status: 2021-03-05 19:15:52.7390916 +0000 GMT m=+197.149666401
1614971754110590200 [Info] connecting to websocket
1614971754115590500 [Info] connection upgraded
1614971754602991700 [Info] Updating status: 2021-03-05 19:15:54.6029917 +0000 GMT m=+199.013566601
1614971756117012300 [Info] Updating status: 2021-03-05 19:15:56.1170123 +0000 GMT m=+200.527587101
1614971756603035600 [Info] Updating status: 2021-03-05 19:15:56.6030356 +0000 GMT m=+201.013610401
1614971758117062200 [Info] Updating status: 2021-03-05 19:15:58.1170622 +0000 GMT m=+202.527637001
1614971760117056600 [Info] Updating status: 2021-03-05 19:16:00.1170566 +0000 GMT m=+204.527631401
1614971762116877400 [Info] Updating status: 2021-03-05 19:16:02.1168774 +0000 GMT m=+206.527452301
1614971764117109800 [Info] Updating status: 2021-03-05 19:16:04.1171098 +0000 GMT m=+208.527684601
1614971766116947400 [Info] Updating status: 2021-03-05 19:16:06.1169474 +0000 GMT m=+210.527522301
1614971768117374400 [Info] Updating status: 2021-03-05 19:16:08.1173744 +0000 GMT m=+212.527949201
1614971770117448600 [Info] Updating status: 2021-03-05 19:16:10.1174486 +0000 GMT m=+214.528023401
1614971772117189600 [Info] Updating status: 2021-03-05 19:16:12.1171896 +0000 GMT m=+216.527764401
1614971774117444400 [Info] Updating status: 2021-03-05 19:16:14.1174444 +0000 GMT m=+218.528019201
1614971776116743500 [Info] Updating status: 2021-03-05 19:16:16.1167435 +0000 GMT m=+220.527318301
1614971778116938600 [Info] Updating status: 2021-03-05 19:16:18.1169386 +0000 GMT m=+222.527513401
1614971780138559900 [Info] Updating status: 2021-03-05 19:16:20.1385599 +0000 GMT m=+224.549134801
1614971782116975400 [Info] Updating status: 2021-03-05 19:16:22.1169754 +0000 GMT m=+226.527550301
1614971782560986500 [Warn] http: Server closed
1614971783062437700 [Warn] shutting down
